<?xml version="1.0" encoding="UTF-8"?>
<testsuite name="com.midmarsh.util.CalculatorTest" tests="6" skipped="1" failures="0" errors="0" timestamp="2020-12-26T14:34:29" hostname="MacBook-Pro-9.local" time="0.04">
  <properties/>
  <testcase name="testWhenAdding1and3ThenAnswerIs4()" classname="com.midmarsh.util.CalculatorTest" time="0.022"/>
  <testcase name="Adding 1 and 0 should be equal to 0()" classname="com.midmarsh.util.CalculatorTest" time="0.001"/>
  <testcase name="Dividing by zero should throw the DivideByZeroException()" classname="com.midmarsh.util.CalculatorTest" time="0.003"/>
  <testcase name="skippedTest()" classname="com.midmarsh.util.CalculatorTest" time="0.0">
    <skipped/>
  </testcase>
  <testcase name="testDivide22by7By()" classname="com.midmarsh.util.CalculatorTest" time="0.002"/>
  <testcase name="The square of a number should be equal to that number multiplied in itself()" classname="com.midmarsh.util.CalculatorTest" time="0.006"/>
  <system-out><![CDATA[BeforeEach
AfterEach
BeforeEach
AfterEach
BeforeEach
AfterEach
BeforeEach
3.142857142857143
AfterEach
BeforeEach
AfterEach
]]></system-out>
  <system-err><![CDATA[]]></system-err>
</testsuite>
